<?xml version="1.0" encoding="UTF-8"?>
<testng-results ignored="0" total="1" passed="1" failed="0" skipped="0">
  <reporter-output>
  </reporter-output>
  <suite started-at="2021-07-12T00:41:16 IST" name="Default suite" finished-at="2021-07-12T00:41:31 IST" duration-ms="14692">
    <groups>
    </groups>
    <test started-at="2021-07-12T00:41:16 IST" name="Default test" finished-at="2021-07-12T00:41:31 IST" duration-ms="14692">
      <class name="com.teamrwb.test.DropdownUsingSelect">
        <test-method signature="launch()[pri:0, instance:com.teamrwb.test.DropdownUsingSelect@11c9af63]" started-at="2021-07-12T00:41:16 IST" name="launch" finished-at="2021-07-12T00:41:31 IST" duration-ms="14609" status="PASS">
          <reporter-output>
          </reporter-output>
        </test-method> <!-- launch -->
      </class> <!-- com.teamrwb.test.DropdownUsingSelect -->
    </test> <!-- Default test -->
  </suite> <!-- Default suite -->
</testng-results>
